<?xml version="1.0" encoding="UTF-8"?>
<!-- Generated by org.testng.reporters.JUnitReportReporter -->
<testsuite skipped="0" hostname="LAPTOP-1C73H3FG" name="uk.gov.harrow.testsuite.BenefitTest" tests="1" failures="0" timestamp="13 Apr 2020 16:56:44 GMT" time="22.263" errors="0">
  <testcase name="verifyUserIsAbleToNavigateToBenefitsPage" time="22.263" classname="uk.gov.harrow.testsuite.BenefitTest"/>
</testsuite> <!-- uk.gov.harrow.testsuite.BenefitTest -->
